<?xml version="1.0" encoding="UTF-8"?>
<!-- Generated by org.testng.reporters.JUnitReportReporter -->
<testsuite hostname="DESKTOP-U3CMMDD" failures="0" tests="1" name="com.api.test.FISassessment2" time="11.862" errors="0" timestamp="2025-01-09T18:02:36 IST" skipped="0">
  <testcase classname="com.api.test.FISassessment2" name="apiTest" time="11.862"/>
</testsuite> <!-- com.api.test.FISassessment2 -->
